<?xml version="1.0" encoding="UTF-8"?>
<!-- Generated by org.testng.reporters.JUnitReportReporter -->
<testsuite skipped="0" hostname="Sagar" name="com.flipkart.qa.testcases.FlipKartTest" tests="1" failures="0" timestamp="15 Jun 2020 08:25:10 GMT" time="23.167" errors="0">
  <testcase name="FlipkartTest" time="23.167" classname="com.flipkart.qa.testcases.FlipKartTest"/>
</testsuite> <!-- com.flipkart.qa.testcases.FlipKartTest -->
