<?xml version="1.0" encoding="UTF-8"?>
<!-- Generated by org.testng.reporters.JUnitReportReporter -->
<testsuite skipped="0" hostname="Sagar" name="com.itpeople.qa.testCases.BritishAirlineRegistrationTest" tests="1" failures="0" timestamp="15 Jun 2020 08:29:32 GMT" time="30.155" errors="0">
  <testcase name="regiTest" time="30.155" classname="com.itpeople.qa.testCases.BritishAirlineRegistrationTest"/>
</testsuite> <!-- com.itpeople.qa.testCases.BritishAirlineRegistrationTest -->
